Analysis & Synthesis report for tetris
Wed Dec 25 16:43:04 2024
Quartus II 64-Bit Version 13.1.0 Build 162 10/23/2013 SJ Web Edition


---------------------
; Table of Contents ;
---------------------
  1. Legal Notice
  2. Analysis & Synthesis Summary
  3. Analysis & Synthesis Settings
  4. Parallel Compilation
  5. Analysis & Synthesis Source Files Read
  6. Analysis & Synthesis Resource Usage Summary
  7. Analysis & Synthesis Resource Utilization by Entity
  8. Registers Removed During Synthesis
  9. Removed Registers Triggering Further Register Optimizations
 10. General Register Statistics
 11. Inverted Register Statistics
 12. Multiplexer Restructuring Statistics (Restructuring Performed)
 13. Parameter Settings for User Entity Instance: Top-level Entity: |tetris
 14. Parameter Settings for Inferred Entity Instance: lpm_divide:Div0
 15. Parameter Settings for Inferred Entity Instance: lpm_divide:Mod1
 16. Parameter Settings for Inferred Entity Instance: lpm_divide:Mod0
 17. Elapsed Time Per Partition
 18. Analysis & Synthesis Messages



----------------
; Legal Notice ;
----------------
Copyright (C) 1991-2013 Altera Corporation
Your use of Altera Corporation's design tools, logic functions 
and other software and tools, and its AMPP partner logic 
functions, and any output files from any of the foregoing 
(including device programming or simulation files), and any 
associated documentation or information are expressly subject 
to the terms and conditions of the Altera Program License 
Subscription Agreement, Altera MegaCore Function License 
Agreement, or other applicable license agreement, including, 
without limitation, that your use is for the sole purpose of 
programming logic devices manufactured by Altera and sold by 
Altera or its authorized distributors.  Please refer to the 
applicable agreement for further details.



+---------------------------------------------------------------------------------+
; Analysis & Synthesis Summary                                                    ;
+------------------------------------+--------------------------------------------+
; Analysis & Synthesis Status        ; Successful - Wed Dec 25 16:43:03 2024      ;
; Quartus II 64-Bit Version          ; 13.1.0 Build 162 10/23/2013 SJ Web Edition ;
; Revision Name                      ; tetris                                     ;
; Top-level Entity Name              ; tetris                                     ;
; Family                             ; Cyclone III                                ;
; Total logic elements               ; 1,207                                      ;
;     Total combinational functions  ; 1,187                                      ;
;     Dedicated logic registers      ; 319                                        ;
; Total registers                    ; 319                                        ;
; Total pins                         ; 49                                         ;
; Total virtual pins                 ; 0                                          ;
; Total memory bits                  ; 0                                          ;
; Embedded Multiplier 9-bit elements ; 0                                          ;
; Total PLLs                         ; 0                                          ;
+------------------------------------+--------------------------------------------+


+----------------------------------------------------------------------------------------------------------------------+
; Analysis & Synthesis Settings                                                                                        ;
+----------------------------------------------------------------------------+--------------------+--------------------+
; Option                                                                     ; Setting            ; Default Value      ;
+----------------------------------------------------------------------------+--------------------+--------------------+
; Device                                                                     ; EP3C10E144C8       ;                    ;
; Top-level entity name                                                      ; tetris             ; tetris             ;
; Family name                                                                ; Cyclone III        ; Cyclone IV GX      ;
; Verilog Show LMF Mapping Messages                                          ; Off                ;                    ;
; Verilog Version                                                            ; SystemVerilog_2005 ; Verilog_2001       ;
; Use smart compilation                                                      ; Off                ; Off                ;
; Enable parallel Assembler and TimeQuest Timing Analyzer during compilation ; On                 ; On                 ;
; Enable compact report table                                                ; Off                ; Off                ;
; Restructure Multiplexers                                                   ; Auto               ; Auto               ;
; Create Debugging Nodes for IP Cores                                        ; Off                ; Off                ;
; Preserve fewer node names                                                  ; On                 ; On                 ;
; Disable OpenCore Plus hardware evaluation                                  ; Off                ; Off                ;
; VHDL Version                                                               ; VHDL_1993          ; VHDL_1993          ;
; State Machine Processing                                                   ; Auto               ; Auto               ;
; Safe State Machine                                                         ; Off                ; Off                ;
; Extract Verilog State Machines                                             ; On                 ; On                 ;
; Extract VHDL State Machines                                                ; On                 ; On                 ;
; Ignore Verilog initial constructs                                          ; Off                ; Off                ;
; Iteration limit for constant Verilog loops                                 ; 5000               ; 5000               ;
; Iteration limit for non-constant Verilog loops                             ; 250                ; 250                ;
; Add Pass-Through Logic to Inferred RAMs                                    ; On                 ; On                 ;
; Infer RAMs from Raw Logic                                                  ; On                 ; On                 ;
; Parallel Synthesis                                                         ; On                 ; On                 ;
; DSP Block Balancing                                                        ; Auto               ; Auto               ;
; NOT Gate Push-Back                                                         ; On                 ; On                 ;
; Power-Up Don't Care                                                        ; On                 ; On                 ;
; Remove Redundant Logic Cells                                               ; Off                ; Off                ;
; Remove Duplicate Registers                                                 ; On                 ; On                 ;
; Ignore CARRY Buffers                                                       ; Off                ; Off                ;
; Ignore CASCADE Buffers                                                     ; Off                ; Off                ;
; Ignore GLOBAL Buffers                                                      ; Off                ; Off                ;
; Ignore ROW GLOBAL Buffers                                                  ; Off                ; Off                ;
; Ignore LCELL Buffers                                                       ; Off                ; Off                ;
; Ignore SOFT Buffers                                                        ; On                 ; On                 ;
; Limit AHDL Integers to 32 Bits                                             ; Off                ; Off                ;
; Optimization Technique                                                     ; Balanced           ; Balanced           ;
; Carry Chain Length                                                         ; 70                 ; 70                 ;
; Auto Carry Chains                                                          ; On                 ; On                 ;
; Auto Open-Drain Pins                                                       ; On                 ; On                 ;
; Perform WYSIWYG Primitive Resynthesis                                      ; Off                ; Off                ;
; Auto ROM Replacement                                                       ; On                 ; On                 ;
; Auto RAM Replacement                                                       ; On                 ; On                 ;
; Auto DSP Block Replacement                                                 ; On                 ; On                 ;
; Auto Shift Register Replacement                                            ; Auto               ; Auto               ;
; Allow Shift Register Merging across Hierarchies                            ; Auto               ; Auto               ;
; Auto Clock Enable Replacement                                              ; On                 ; On                 ;
; Strict RAM Replacement                                                     ; Off                ; Off                ;
; Allow Synchronous Control Signals                                          ; On                 ; On                 ;
; Force Use of Synchronous Clear Signals                                     ; Off                ; Off                ;
; Auto RAM Block Balancing                                                   ; On                 ; On                 ;
; Auto RAM to Logic Cell Conversion                                          ; Off                ; Off                ;
; Auto Resource Sharing                                                      ; Off                ; Off                ;
; Allow Any RAM Size For Recognition                                         ; Off                ; Off                ;
; Allow Any ROM Size For Recognition                                         ; Off                ; Off                ;
; Allow Any Shift Register Size For Recognition                              ; Off                ; Off                ;
; Use LogicLock Constraints during Resource Balancing                        ; On                 ; On                 ;
; Ignore translate_off and synthesis_off directives                          ; Off                ; Off                ;
; Timing-Driven Synthesis                                                    ; On                 ; On                 ;
; Report Parameter Settings                                                  ; On                 ; On                 ;
; Report Source Assignments                                                  ; On                 ; On                 ;
; Report Connectivity Checks                                                 ; On                 ; On                 ;
; Ignore Maximum Fan-Out Assignments                                         ; Off                ; Off                ;
; Synchronization Register Chain Length                                      ; 2                  ; 2                  ;
; PowerPlay Power Optimization                                               ; Normal compilation ; Normal compilation ;
; HDL message level                                                          ; Level2             ; Level2             ;
; Suppress Register Optimization Related Messages                            ; Off                ; Off                ;
; Number of Removed Registers Reported in Synthesis Report                   ; 5000               ; 5000               ;
; Number of Swept Nodes Reported in Synthesis Report                         ; 5000               ; 5000               ;
; Number of Inverted Registers Reported in Synthesis Report                  ; 100                ; 100                ;
; Clock MUX Protection                                                       ; On                 ; On                 ;
; Auto Gated Clock Conversion                                                ; Off                ; Off                ;
; Block Design Naming                                                        ; Auto               ; Auto               ;
; SDC constraint protection                                                  ; Off                ; Off                ;
; Synthesis Effort                                                           ; Auto               ; Auto               ;
; Shift Register Replacement - Allow Asynchronous Clear Signal               ; On                 ; On                 ;
; Pre-Mapping Resynthesis Optimization                                       ; Off                ; Off                ;
; Analysis & Synthesis Message Level                                         ; Medium             ; Medium             ;
; Disable Register Merging Across Hierarchies                                ; Auto               ; Auto               ;
; Resource Aware Inference For Block RAM                                     ; On                 ; On                 ;
; Synthesis Seed                                                             ; 1                  ; 1                  ;
+----------------------------------------------------------------------------+--------------------+--------------------+


+------------------------------------------+
; Parallel Compilation                     ;
+----------------------------+-------------+
; Processors                 ; Number      ;
+----------------------------+-------------+
; Number detected on machine ; 20          ;
; Maximum allowed            ; 14          ;
;                            ;             ;
; Average used               ; 1.00        ;
; Maximum used               ; 5           ;
;                            ;             ;
; Usage by Processor         ; % Time Used ;
;     Processor 1            ; 100.0%      ;
;     Processors 2-5         ; < 0.1%      ;
;     Processors 6-20        ;   0.0%      ;
+----------------------------+-------------+


+--------------------------------------------------------------------------------------------------------------------------------------------------------------+
; Analysis & Synthesis Source Files Read                                                                                                                       ;
+----------------------------------+-----------------+------------------------------+----------------------------------------------------------------+---------+
; File Name with User-Entered Path ; Used in Netlist ; File Type                    ; File Name with Absolute Path                                   ; Library ;
+----------------------------------+-----------------+------------------------------+----------------------------------------------------------------+---------+
; tetris.sv                        ; yes             ; User SystemVerilog HDL File  ; E:/logic2024/tetris/tetris.sv                                  ;         ;
; lpm_divide.tdf                   ; yes             ; Megafunction                 ; e:/quartus/quartus/libraries/megafunctions/lpm_divide.tdf      ;         ;
; abs_divider.inc                  ; yes             ; Megafunction                 ; e:/quartus/quartus/libraries/megafunctions/abs_divider.inc     ;         ;
; sign_div_unsign.inc              ; yes             ; Megafunction                 ; e:/quartus/quartus/libraries/megafunctions/sign_div_unsign.inc ;         ;
; aglobal131.inc                   ; yes             ; Megafunction                 ; e:/quartus/quartus/libraries/megafunctions/aglobal131.inc      ;         ;
; db/lpm_divide_9gm.tdf            ; yes             ; Auto-Generated Megafunction  ; E:/logic2024/tetris/db/lpm_divide_9gm.tdf                      ;         ;
; db/sign_div_unsign_akh.tdf       ; yes             ; Auto-Generated Megafunction  ; E:/logic2024/tetris/db/sign_div_unsign_akh.tdf                 ;         ;
; db/alt_u_div_v2f.tdf             ; yes             ; Auto-Generated Megafunction  ; E:/logic2024/tetris/db/alt_u_div_v2f.tdf                       ;         ;
; db/add_sub_unc.tdf               ; yes             ; Auto-Generated Megafunction  ; E:/logic2024/tetris/db/add_sub_unc.tdf                         ;         ;
; db/add_sub_vnc.tdf               ; yes             ; Auto-Generated Megafunction  ; E:/logic2024/tetris/db/add_sub_vnc.tdf                         ;         ;
; db/lpm_divide_c8m.tdf            ; yes             ; Auto-Generated Megafunction  ; E:/logic2024/tetris/db/lpm_divide_c8m.tdf                      ;         ;
; db/sign_div_unsign_bkh.tdf       ; yes             ; Auto-Generated Megafunction  ; E:/logic2024/tetris/db/sign_div_unsign_bkh.tdf                 ;         ;
; db/alt_u_div_03f.tdf             ; yes             ; Auto-Generated Megafunction  ; E:/logic2024/tetris/db/alt_u_div_03f.tdf                       ;         ;
; db/lpm_divide_d8m.tdf            ; yes             ; Auto-Generated Megafunction  ; E:/logic2024/tetris/db/lpm_divide_d8m.tdf                      ;         ;
; db/sign_div_unsign_ckh.tdf       ; yes             ; Auto-Generated Megafunction  ; E:/logic2024/tetris/db/sign_div_unsign_ckh.tdf                 ;         ;
; db/alt_u_div_13f.tdf             ; yes             ; Auto-Generated Megafunction  ; E:/logic2024/tetris/db/alt_u_div_13f.tdf                       ;         ;
+----------------------------------+-----------------+------------------------------+----------------------------------------------------------------+---------+


+-----------------------------------------------------------------------+
; Analysis & Synthesis Resource Usage Summary                           ;
+---------------------------------------------+-------------------------+
; Resource                                    ; Usage                   ;
+---------------------------------------------+-------------------------+
; Estimated Total logic elements              ; 1,207                   ;
;                                             ;                         ;
; Total combinational functions               ; 1187                    ;
; Logic element usage by number of LUT inputs ;                         ;
;     -- 4 input functions                    ; 648                     ;
;     -- 3 input functions                    ; 293                     ;
;     -- <=2 input functions                  ; 246                     ;
;                                             ;                         ;
; Logic elements by mode                      ;                         ;
;     -- normal mode                          ; 993                     ;
;     -- arithmetic mode                      ; 194                     ;
;                                             ;                         ;
; Total registers                             ; 319                     ;
;     -- Dedicated logic registers            ; 319                     ;
;     -- I/O registers                        ; 0                       ;
;                                             ;                         ;
; I/O pins                                    ; 49                      ;
; Embedded Multiplier 9-bit elements          ; 0                       ;
; Maximum fan-out node                        ; TimerRefresh:TFR|CLKout ;
; Maximum fan-out                             ; 234                     ;
; Total fan-out                               ; 5204                    ;
; Average fan-out                             ; 3.24                    ;
+---------------------------------------------+-------------------------+


+---------------------------------------------------------------------------------------------------------------------------------------------------------------------------------------------------------------------------------------------------------------------------------------------------+
; Analysis & Synthesis Resource Utilization by Entity                                                                                                                                                                                                                                               ;
+----------------------------------------+-------------------+--------------+-------------+--------------+---------+-----------+------+--------------+-------------------------------------------------------------------------------------------------------------------------------+--------------+
; Compilation Hierarchy Node             ; LC Combinationals ; LC Registers ; Memory Bits ; DSP Elements ; DSP 9x9 ; DSP 18x18 ; Pins ; Virtual Pins ; Full Hierarchy Name                                                                                                           ; Library Name ;
+----------------------------------------+-------------------+--------------+-------------+--------------+---------+-----------+------+--------------+-------------------------------------------------------------------------------------------------------------------------------+--------------+
; |tetris                                ; 1187 (918)        ; 319 (241)    ; 0           ; 0            ; 0       ; 0         ; 49   ; 0            ; |tetris                                                                                                                       ; work         ;
;    |Timer25:T25|                       ; 34 (34)           ; 26 (26)      ; 0           ; 0            ; 0       ; 0         ; 0    ; 0            ; |tetris|Timer25:T25                                                                                                           ; work         ;
;    |Timer2:T2|                         ; 34 (34)           ; 26 (26)      ; 0           ; 0            ; 0       ; 0         ; 0    ; 0            ; |tetris|Timer2:T2                                                                                                             ; work         ;
;    |TimerRefresh:TFR|                  ; 34 (34)           ; 26 (26)      ; 0           ; 0            ; 0       ; 0         ; 0    ; 0            ; |tetris|TimerRefresh:TFR                                                                                                      ; work         ;
;    |lpm_divide:Div0|                   ; 42 (0)            ; 0 (0)        ; 0           ; 0            ; 0       ; 0         ; 0    ; 0            ; |tetris|lpm_divide:Div0                                                                                                       ; work         ;
;       |lpm_divide_9gm:auto_generated|  ; 42 (0)            ; 0 (0)        ; 0           ; 0            ; 0       ; 0         ; 0    ; 0            ; |tetris|lpm_divide:Div0|lpm_divide_9gm:auto_generated                                                                         ; work         ;
;          |sign_div_unsign_akh:divider| ; 42 (0)            ; 0 (0)        ; 0           ; 0            ; 0       ; 0         ; 0    ; 0            ; |tetris|lpm_divide:Div0|lpm_divide_9gm:auto_generated|sign_div_unsign_akh:divider                                             ; work         ;
;             |alt_u_div_v2f:divider|    ; 42 (42)           ; 0 (0)        ; 0           ; 0            ; 0       ; 0         ; 0    ; 0            ; |tetris|lpm_divide:Div0|lpm_divide_9gm:auto_generated|sign_div_unsign_akh:divider|alt_u_div_v2f:divider                       ; work         ;
;    |lpm_divide:Mod0|                   ; 63 (0)            ; 0 (0)        ; 0           ; 0            ; 0       ; 0         ; 0    ; 0            ; |tetris|lpm_divide:Mod0                                                                                                       ; work         ;
;       |lpm_divide_d8m:auto_generated|  ; 63 (0)            ; 0 (0)        ; 0           ; 0            ; 0       ; 0         ; 0    ; 0            ; |tetris|lpm_divide:Mod0|lpm_divide_d8m:auto_generated                                                                         ; work         ;
;          |sign_div_unsign_ckh:divider| ; 63 (0)            ; 0 (0)        ; 0           ; 0            ; 0       ; 0         ; 0    ; 0            ; |tetris|lpm_divide:Mod0|lpm_divide_d8m:auto_generated|sign_div_unsign_ckh:divider                                             ; work         ;
;             |alt_u_div_13f:divider|    ; 63 (62)           ; 0 (0)        ; 0           ; 0            ; 0       ; 0         ; 0    ; 0            ; |tetris|lpm_divide:Mod0|lpm_divide_d8m:auto_generated|sign_div_unsign_ckh:divider|alt_u_div_13f:divider                       ; work         ;
;                |add_sub_vnc:add_sub_1| ; 1 (1)             ; 0 (0)        ; 0           ; 0            ; 0       ; 0         ; 0    ; 0            ; |tetris|lpm_divide:Mod0|lpm_divide_d8m:auto_generated|sign_div_unsign_ckh:divider|alt_u_div_13f:divider|add_sub_vnc:add_sub_1 ; work         ;
;    |lpm_divide:Mod1|                   ; 62 (0)            ; 0 (0)        ; 0           ; 0            ; 0       ; 0         ; 0    ; 0            ; |tetris|lpm_divide:Mod1                                                                                                       ; work         ;
;       |lpm_divide_c8m:auto_generated|  ; 62 (0)            ; 0 (0)        ; 0           ; 0            ; 0       ; 0         ; 0    ; 0            ; |tetris|lpm_divide:Mod1|lpm_divide_c8m:auto_generated                                                                         ; work         ;
;          |sign_div_unsign_bkh:divider| ; 62 (0)            ; 0 (0)        ; 0           ; 0            ; 0       ; 0         ; 0    ; 0            ; |tetris|lpm_divide:Mod1|lpm_divide_c8m:auto_generated|sign_div_unsign_bkh:divider                                             ; work         ;
;             |alt_u_div_03f:divider|    ; 62 (62)           ; 0 (0)        ; 0           ; 0            ; 0       ; 0         ; 0    ; 0            ; |tetris|lpm_divide:Mod1|lpm_divide_c8m:auto_generated|sign_div_unsign_bkh:divider|alt_u_div_03f:divider                       ; work         ;
+----------------------------------------+-------------------+--------------+-------------+--------------+---------+-----------+------+--------------+-------------------------------------------------------------------------------------------------------------------------------+--------------+
Note: For table entries with two numbers listed, the numbers in parentheses indicate the number of resources of the given type used by the specific entity alone. The numbers listed outside of parentheses indicate the total resources of the given type used by the specific entity and all of its sub-entities in the hierarchy.


+---------------------------------------------------------------------------------+
; Registers Removed During Synthesis                                              ;
+----------------------------------------+----------------------------------------+
; Register name                          ; Reason for Removal                     ;
+----------------------------------------+----------------------------------------+
; sel[3]~reg0                            ; Stuck at GND due to stuck port data_in ;
; sel[2]~reg0                            ; Stuck at GND due to stuck port data_in ;
; sel[1]~reg0                            ; Stuck at GND due to stuck port data_in ;
; sel[0]~reg0                            ; Stuck at GND due to stuck port data_in ;
; blockType[1,2]                         ; Stuck at GND due to stuck port data_in ;
; blockType[0]                           ; Stuck at VCC due to stuck port data_in ;
; rotate[0,1]                            ; Lost fanout                            ;
; nextRotate[0,1]                        ; Lost fanout                            ;
; tryRotate[0,1]                         ; Lost fanout                            ;
; Total Number of Removed Registers = 13 ;                                        ;
+----------------------------------------+----------------------------------------+


+------------------------------------------------------------------------------------+
; Removed Registers Triggering Further Register Optimizations                        ;
+---------------+---------------------------+----------------------------------------+
; Register name ; Reason for Removal        ; Registers Removed due to This Register ;
+---------------+---------------------------+----------------------------------------+
; blockType[2]  ; Stuck at GND              ; rotate[1], tryRotate[0], tryRotate[1]  ;
;               ; due to stuck port data_in ;                                        ;
+---------------+---------------------------+----------------------------------------+


+------------------------------------------------------+
; General Register Statistics                          ;
+----------------------------------------------+-------+
; Statistic                                    ; Value ;
+----------------------------------------------+-------+
; Total registers                              ; 319   ;
; Number of registers using Synchronous Clear  ; 202   ;
; Number of registers using Synchronous Load   ; 86    ;
; Number of registers using Asynchronous Clear ; 0     ;
; Number of registers using Asynchronous Load  ; 0     ;
; Number of registers using Clock Enable       ; 211   ;
; Number of registers using Preset             ; 0     ;
+----------------------------------------------+-------+


+--------------------------------------------------+
; Inverted Register Statistics                     ;
+----------------------------------------+---------+
; Inverted Register                      ; Fan out ;
+----------------------------------------+---------+
; DATA_R[0]~reg0                         ; 1       ;
; DATA_R[1]~reg0                         ; 1       ;
; DATA_R[2]~reg0                         ; 1       ;
; DATA_R[3]~reg0                         ; 1       ;
; DATA_R[4]~reg0                         ; 1       ;
; DATA_R[5]~reg0                         ; 1       ;
; DATA_R[6]~reg0                         ; 1       ;
; DATA_R[7]~reg0                         ; 1       ;
; COMM[3]~reg0                           ; 2       ;
; Total number of inverted registers = 9 ;         ;
+----------------------------------------+---------+


+------------------------------------------------------------------------------------------------------------------------------------------+
; Multiplexer Restructuring Statistics (Restructuring Performed)                                                                           ;
+--------------------+-----------+---------------+----------------------+------------------------+------------+----------------------------+
; Multiplexer Inputs ; Bus Width ; Baseline Area ; Area if Restructured ; Saving if Restructured ; Registered ; Example Multiplexer Output ;
+--------------------+-----------+---------------+----------------------+------------------------+------------+----------------------------+
; 3:1                ; 9 bits    ; 18 LEs        ; 0 LEs                ; 18 LEs                 ; Yes        ; |tetris|nextBlockY[5]      ;
; 3:1                ; 6 bits    ; 12 LEs        ; 6 LEs                ; 6 LEs                  ; Yes        ; |tetris|tryBlockX[1]       ;
; 4:1                ; 3 bits    ; 6 LEs         ; 6 LEs                ; 0 LEs                  ; Yes        ; |tetris|COMM[1]~reg0       ;
; 8:1                ; 4 bits    ; 20 LEs        ; 4 LEs                ; 16 LEs                 ; Yes        ; |tetris|blockY[5]          ;
; 8:1                ; 7 bits    ; 35 LEs        ; 7 LEs                ; 28 LEs                 ; Yes        ; |tetris|blockY[3]          ;
; 4:1                ; 9 bits    ; 18 LEs        ; 9 LEs                ; 9 LEs                  ; Yes        ; |tetris|delaySW[4]         ;
; 9:1                ; 8 bits    ; 48 LEs        ; 8 LEs                ; 40 LEs                 ; Yes        ; |tetris|map[0][2]          ;
; 14:1               ; 8 bits    ; 72 LEs        ; 16 LEs               ; 56 LEs                 ; Yes        ; |tetris|map[7][6]          ;
; 15:1               ; 8 bits    ; 80 LEs        ; 16 LEs               ; 64 LEs                 ; Yes        ; |tetris|map[6][1]          ;
; 16:1               ; 8 bits    ; 80 LEs        ; 16 LEs               ; 64 LEs                 ; Yes        ; |tetris|display[0][5]      ;
; 16:1               ; 30 bits   ; 300 LEs       ; 60 LEs               ; 240 LEs                ; Yes        ; |tetris|display[1][2]      ;
; 16:1               ; 26 bits   ; 260 LEs       ; 52 LEs               ; 208 LEs                ; Yes        ; |tetris|display[4][2]      ;
; 16:1               ; 8 bits    ; 80 LEs        ; 16 LEs               ; 64 LEs                 ; Yes        ; |tetris|map[5][4]          ;
; 19:1               ; 7 bits    ; 84 LEs        ; 14 LEs               ; 70 LEs                 ; Yes        ; |tetris|score[5]           ;
; 17:1               ; 8 bits    ; 88 LEs        ; 16 LEs               ; 72 LEs                 ; Yes        ; |tetris|map[4][1]          ;
; 18:1               ; 8 bits    ; 96 LEs        ; 16 LEs               ; 80 LEs                 ; Yes        ; |tetris|map[3][0]          ;
; 19:1               ; 8 bits    ; 96 LEs        ; 16 LEs               ; 80 LEs                 ; Yes        ; |tetris|map[2][6]          ;
; 20:1               ; 8 bits    ; 104 LEs       ; 16 LEs               ; 88 LEs                 ; Yes        ; |tetris|map[1][7]          ;
; 4:1                ; 8 bits    ; 16 LEs        ; 16 LEs               ; 0 LEs                  ; No         ; |tetris|Mux94              ;
; 4:1                ; 8 bits    ; 16 LEs        ; 16 LEs               ; 0 LEs                  ; No         ; |tetris|Mux111             ;
; 3:1                ; 3 bits    ; 6 LEs         ; 3 LEs                ; 3 LEs                  ; No         ; |tetris|ShiftRight4        ;
; 3:1                ; 4 bits    ; 8 LEs         ; 4 LEs                ; 4 LEs                  ; No         ; |tetris|ShiftRight4        ;
; 3:1                ; 8 bits    ; 16 LEs        ; 8 LEs                ; 8 LEs                  ; No         ; |tetris|map                ;
; 3:1                ; 3 bits    ; 6 LEs         ; 3 LEs                ; 3 LEs                  ; No         ; |tetris|ShiftRight0        ;
; 3:1                ; 4 bits    ; 8 LEs         ; 4 LEs                ; 4 LEs                  ; No         ; |tetris|ShiftRight0        ;
; 8:1                ; 8 bits    ; 40 LEs        ; 40 LEs               ; 0 LEs                  ; No         ; |tetris|Mux303             ;
; 8:1                ; 8 bits    ; 40 LEs        ; 40 LEs               ; 0 LEs                  ; No         ; |tetris|Mux87              ;
; 8:1                ; 8 bits    ; 40 LEs        ; 40 LEs               ; 0 LEs                  ; No         ; |tetris|Mux96              ;
; 5:1                ; 8 bits    ; 24 LEs        ; 24 LEs               ; 0 LEs                  ; No         ; |tetris|display            ;
; 5:1                ; 8 bits    ; 24 LEs        ; 24 LEs               ; 0 LEs                  ; No         ; |tetris|display            ;
; 5:1                ; 8 bits    ; 24 LEs        ; 24 LEs               ; 0 LEs                  ; No         ; |tetris|display            ;
; 5:1                ; 8 bits    ; 24 LEs        ; 24 LEs               ; 0 LEs                  ; No         ; |tetris|display            ;
; 5:1                ; 8 bits    ; 24 LEs        ; 24 LEs               ; 0 LEs                  ; No         ; |tetris|display            ;
; 5:1                ; 8 bits    ; 24 LEs        ; 24 LEs               ; 0 LEs                  ; No         ; |tetris|display            ;
; 5:1                ; 8 bits    ; 24 LEs        ; 24 LEs               ; 0 LEs                  ; No         ; |tetris|display            ;
; 5:1                ; 8 bits    ; 24 LEs        ; 24 LEs               ; 0 LEs                  ; No         ; |tetris|display            ;
; 8:1                ; 8 bits    ; 40 LEs        ; 40 LEs               ; 0 LEs                  ; No         ; |tetris|Mux15              ;
+--------------------+-----------+---------------+----------------------+------------------------+------------+----------------------------+


+------------------------------------------------------------------------+
; Parameter Settings for User Entity Instance: Top-level Entity: |tetris ;
+----------------+-------+-----------------------------------------------+
; Parameter Name ; Value ; Type                                          ;
+----------------+-------+-----------------------------------------------+
; TOP            ; 10001 ; Unsigned Binary                               ;
; BUTTOM         ; 01010 ; Unsigned Binary                               ;
+----------------+-------+-----------------------------------------------+
Note: In order to hide this table in the UI and the text report file, please set the "Show Parameter Settings in Synthesis Report" option in "Analysis and Synthesis Settings -> More Settings" to "Off".


+------------------------------------------------------------------+
; Parameter Settings for Inferred Entity Instance: lpm_divide:Div0 ;
+------------------------+----------------+------------------------+
; Parameter Name         ; Value          ; Type                   ;
+------------------------+----------------+------------------------+
; LPM_WIDTHN             ; 7              ; Untyped                ;
; LPM_WIDTHD             ; 4              ; Untyped                ;
; LPM_NREPRESENTATION    ; UNSIGNED       ; Untyped                ;
; LPM_DREPRESENTATION    ; UNSIGNED       ; Untyped                ;
; LPM_PIPELINE           ; 0              ; Untyped                ;
; LPM_REMAINDERPOSITIVE  ; TRUE           ; Untyped                ;
; MAXIMIZE_SPEED         ; 5              ; Untyped                ;
; CBXI_PARAMETER         ; lpm_divide_9gm ; Untyped                ;
; CARRY_CHAIN            ; MANUAL         ; Untyped                ;
; OPTIMIZE_FOR_SPEED     ; 5              ; Untyped                ;
; AUTO_CARRY_CHAINS      ; ON             ; AUTO_CARRY             ;
; IGNORE_CARRY_BUFFERS   ; OFF            ; IGNORE_CARRY           ;
; AUTO_CASCADE_CHAINS    ; ON             ; AUTO_CASCADE           ;
; IGNORE_CASCADE_BUFFERS ; OFF            ; IGNORE_CASCADE         ;
+------------------------+----------------+------------------------+
Note: In order to hide this table in the UI and the text report file, please set the "Show Parameter Settings in Synthesis Report" option in "Analysis and Synthesis Settings -> More Settings" to "Off".


+------------------------------------------------------------------+
; Parameter Settings for Inferred Entity Instance: lpm_divide:Mod1 ;
+------------------------+----------------+------------------------+
; Parameter Name         ; Value          ; Type                   ;
+------------------------+----------------+------------------------+
; LPM_WIDTHN             ; 8              ; Untyped                ;
; LPM_WIDTHD             ; 3              ; Untyped                ;
; LPM_NREPRESENTATION    ; UNSIGNED       ; Untyped                ;
; LPM_DREPRESENTATION    ; UNSIGNED       ; Untyped                ;
; LPM_PIPELINE           ; 0              ; Untyped                ;
; LPM_REMAINDERPOSITIVE  ; TRUE           ; Untyped                ;
; MAXIMIZE_SPEED         ; 5              ; Untyped                ;
; CBXI_PARAMETER         ; lpm_divide_c8m ; Untyped                ;
; CARRY_CHAIN            ; MANUAL         ; Untyped                ;
; OPTIMIZE_FOR_SPEED     ; 5              ; Untyped                ;
; AUTO_CARRY_CHAINS      ; ON             ; AUTO_CARRY             ;
; IGNORE_CARRY_BUFFERS   ; OFF            ; IGNORE_CARRY           ;
; AUTO_CASCADE_CHAINS    ; ON             ; AUTO_CASCADE           ;
; IGNORE_CASCADE_BUFFERS ; OFF            ; IGNORE_CASCADE         ;
+------------------------+----------------+------------------------+
Note: In order to hide this table in the UI and the text report file, please set the "Show Parameter Settings in Synthesis Report" option in "Analysis and Synthesis Settings -> More Settings" to "Off".


+------------------------------------------------------------------+
; Parameter Settings for Inferred Entity Instance: lpm_divide:Mod0 ;
+------------------------+----------------+------------------------+
; Parameter Name         ; Value          ; Type                   ;
+------------------------+----------------+------------------------+
; LPM_WIDTHN             ; 8              ; Untyped                ;
; LPM_WIDTHD             ; 4              ; Untyped                ;
; LPM_NREPRESENTATION    ; UNSIGNED       ; Untyped                ;
; LPM_DREPRESENTATION    ; UNSIGNED       ; Untyped                ;
; LPM_PIPELINE           ; 0              ; Untyped                ;
; LPM_REMAINDERPOSITIVE  ; TRUE           ; Untyped                ;
; MAXIMIZE_SPEED         ; 5              ; Untyped                ;
; CBXI_PARAMETER         ; lpm_divide_d8m ; Untyped                ;
; CARRY_CHAIN            ; MANUAL         ; Untyped                ;
; OPTIMIZE_FOR_SPEED     ; 5              ; Untyped                ;
; AUTO_CARRY_CHAINS      ; ON             ; AUTO_CARRY             ;
; IGNORE_CARRY_BUFFERS   ; OFF            ; IGNORE_CARRY           ;
; AUTO_CASCADE_CHAINS    ; ON             ; AUTO_CASCADE           ;
; IGNORE_CASCADE_BUFFERS ; OFF            ; IGNORE_CASCADE         ;
+------------------------+----------------+------------------------+
Note: In order to hide this table in the UI and the text report file, please set the "Show Parameter Settings in Synthesis Report" option in "Analysis and Synthesis Settings -> More Settings" to "Off".


+-------------------------------+
; Elapsed Time Per Partition    ;
+----------------+--------------+
; Partition Name ; Elapsed Time ;
+----------------+--------------+
; Top            ; 00:00:04     ;
+----------------+--------------+


+-------------------------------+
; Analysis & Synthesis Messages ;
+-------------------------------+
Info: *******************************************************************
Info: Running Quartus II 64-Bit Analysis & Synthesis
    Info: Version 13.1.0 Build 162 10/23/2013 SJ Web Edition
    Info: Processing started: Wed Dec 25 16:42:58 2024
Info: Command: quartus_map --read_settings_files=on --write_settings_files=off tetris -c tetris
Info (11104): Parallel Compilation has detected 20 hyper-threaded processors. However, the extra hyper-threaded processors will not be used by default. Parallel Compilation will use 14 of the 14 physical processors detected instead.
Warning (10229): Verilog HDL Expression warning at tetris.sv(454): truncated literal to match 2 bits
Info (12021): Found 4 design units, including 4 entities, in source file tetris.sv
    Info (12023): Found entity 1: tetris
    Info (12023): Found entity 2: Timer2
    Info (12023): Found entity 3: Timer25
    Info (12023): Found entity 4: TimerRefresh
Warning (10236): Verilog HDL Implicit Net warning at tetris.sv(92): created implicit net for "timer2"
Warning (10236): Verilog HDL Implicit Net warning at tetris.sv(93): created implicit net for "timer25"
Warning (10236): Verilog HDL Implicit Net warning at tetris.sv(94): created implicit net for "refresh"
Info (12127): Elaborating entity "tetris" for the top level hierarchy
Warning (10230): Verilog HDL assignment warning at tetris.sv(153): truncated value with size 8 to match size of target (1)
Warning (10230): Verilog HDL assignment warning at tetris.sv(161): truncated value with size 32 to match size of target (5)
Warning (10230): Verilog HDL assignment warning at tetris.sv(174): truncated value with size 32 to match size of target (4)
Warning (10230): Verilog HDL assignment warning at tetris.sv(176): truncated value with size 32 to match size of target (4)
Warning (10230): Verilog HDL assignment warning at tetris.sv(183): truncated value with size 32 to match size of target (8)
Warning (10230): Verilog HDL assignment warning at tetris.sv(191): truncated value with size 32 to match size of target (4)
Warning (10230): Verilog HDL assignment warning at tetris.sv(196): truncated value with size 32 to match size of target (6)
Warning (10230): Verilog HDL assignment warning at tetris.sv(198): truncated value with size 32 to match size of target (6)
Warning (10230): Verilog HDL assignment warning at tetris.sv(217): truncated value with size 4 to match size of target (2)
Warning (10230): Verilog HDL assignment warning at tetris.sv(234): truncated value with size 32 to match size of target (9)
Warning (10230): Verilog HDL assignment warning at tetris.sv(256): truncated value with size 32 to match size of target (5)
Warning (10230): Verilog HDL assignment warning at tetris.sv(281): truncated value with size 32 to match size of target (2)
Warning (10230): Verilog HDL assignment warning at tetris.sv(282): truncated value with size 32 to match size of target (6)
Warning (10027): Verilog HDL or VHDL warning at the tetris.sv(284): index expression is not wide enough to address all of the elements in the array
Warning (10230): Verilog HDL assignment warning at tetris.sv(284): truncated value with size 32 to match size of target (6)
Warning (10230): Verilog HDL assignment warning at tetris.sv(345): truncated value with size 32 to match size of target (7)
Warning (10230): Verilog HDL assignment warning at tetris.sv(361): truncated value with size 32 to match size of target (7)
Warning (10230): Verilog HDL assignment warning at tetris.sv(366): truncated value with size 32 to match size of target (7)
Warning (10230): Verilog HDL assignment warning at tetris.sv(371): truncated value with size 32 to match size of target (7)
Warning (10230): Verilog HDL assignment warning at tetris.sv(376): truncated value with size 32 to match size of target (7)
Warning (10230): Verilog HDL assignment warning at tetris.sv(381): truncated value with size 32 to match size of target (7)
Warning (10230): Verilog HDL assignment warning at tetris.sv(386): truncated value with size 32 to match size of target (7)
Warning (10230): Verilog HDL assignment warning at tetris.sv(391): truncated value with size 32 to match size of target (7)
Warning (10230): Verilog HDL assignment warning at tetris.sv(414): truncated value with size 32 to match size of target (6)
Warning (10230): Verilog HDL assignment warning at tetris.sv(419): truncated value with size 32 to match size of target (6)
Info (10008): Verilog HDL or VHDL information: EDA Netlist Writer cannot regroup multidimensional array "shapes" into its bus
Info (10008): Verilog HDL or VHDL information: EDA Netlist Writer cannot regroup multidimensional array "shapesH" into its bus
Info (10008): Verilog HDL or VHDL information: EDA Netlist Writer cannot regroup multidimensional array "digits" into its bus
Info (12128): Elaborating entity "Timer2" for hierarchy "Timer2:T2"
Warning (10230): Verilog HDL assignment warning at tetris.sv(484): truncated value with size 32 to match size of target (25)
Info (12128): Elaborating entity "Timer25" for hierarchy "Timer25:T25"
Warning (10230): Verilog HDL assignment warning at tetris.sv(499): truncated value with size 32 to match size of target (25)
Info (12128): Elaborating entity "TimerRefresh" for hierarchy "TimerRefresh:TFR"
Warning (10230): Verilog HDL assignment warning at tetris.sv(514): truncated value with size 32 to match size of target (25)
Info (278001): Inferred 3 megafunctions from design logic
    Info (278004): Inferred divider/modulo megafunction ("lpm_divide") from the following logic: "Div0"
    Info (278004): Inferred divider/modulo megafunction ("lpm_divide") from the following logic: "Mod1"
    Info (278004): Inferred divider/modulo megafunction ("lpm_divide") from the following logic: "Mod0"
Info (12130): Elaborated megafunction instantiation "lpm_divide:Div0"
Info (12133): Instantiated megafunction "lpm_divide:Div0" with the following parameter:
    Info (12134): Parameter "LPM_WIDTHN" = "7"
    Info (12134): Parameter "LPM_WIDTHD" = "4"
    Info (12134): Parameter "LPM_NREPRESENTATION" = "UNSIGNED"
    Info (12134): Parameter "LPM_DREPRESENTATION" = "UNSIGNED"
Info (12021): Found 1 design units, including 1 entities, in source file db/lpm_divide_9gm.tdf
    Info (12023): Found entity 1: lpm_divide_9gm
Info (12021): Found 1 design units, including 1 entities, in source file db/sign_div_unsign_akh.tdf
    Info (12023): Found entity 1: sign_div_unsign_akh
Info (12021): Found 1 design units, including 1 entities, in source file db/alt_u_div_v2f.tdf
    Info (12023): Found entity 1: alt_u_div_v2f
Info (12021): Found 1 design units, including 1 entities, in source file db/add_sub_unc.tdf
    Info (12023): Found entity 1: add_sub_unc
Info (12021): Found 1 design units, including 1 entities, in source file db/add_sub_vnc.tdf
    Info (12023): Found entity 1: add_sub_vnc
Info (12130): Elaborated megafunction instantiation "lpm_divide:Mod1"
Info (12133): Instantiated megafunction "lpm_divide:Mod1" with the following parameter:
    Info (12134): Parameter "LPM_WIDTHN" = "8"
    Info (12134): Parameter "LPM_WIDTHD" = "3"
    Info (12134): Parameter "LPM_NREPRESENTATION" = "UNSIGNED"
    Info (12134): Parameter "LPM_DREPRESENTATION" = "UNSIGNED"
Info (12021): Found 1 design units, including 1 entities, in source file db/lpm_divide_c8m.tdf
    Info (12023): Found entity 1: lpm_divide_c8m
Info (12021): Found 1 design units, including 1 entities, in source file db/sign_div_unsign_bkh.tdf
    Info (12023): Found entity 1: sign_div_unsign_bkh
Info (12021): Found 1 design units, including 1 entities, in source file db/alt_u_div_03f.tdf
    Info (12023): Found entity 1: alt_u_div_03f
Info (12130): Elaborated megafunction instantiation "lpm_divide:Mod0"
Info (12133): Instantiated megafunction "lpm_divide:Mod0" with the following parameter:
    Info (12134): Parameter "LPM_WIDTHN" = "8"
    Info (12134): Parameter "LPM_WIDTHD" = "4"
    Info (12134): Parameter "LPM_NREPRESENTATION" = "UNSIGNED"
    Info (12134): Parameter "LPM_DREPRESENTATION" = "UNSIGNED"
Info (12021): Found 1 design units, including 1 entities, in source file db/lpm_divide_d8m.tdf
    Info (12023): Found entity 1: lpm_divide_d8m
Info (12021): Found 1 design units, including 1 entities, in source file db/sign_div_unsign_ckh.tdf
    Info (12023): Found entity 1: sign_div_unsign_ckh
Info (12021): Found 1 design units, including 1 entities, in source file db/alt_u_div_13f.tdf
    Info (12023): Found entity 1: alt_u_div_13f
Warning (13024): Output pins are stuck at VCC or GND
    Warning (13410): Pin "DATA_G[0]" is stuck at VCC
    Warning (13410): Pin "DATA_G[1]" is stuck at VCC
    Warning (13410): Pin "DATA_G[2]" is stuck at VCC
    Warning (13410): Pin "DATA_G[3]" is stuck at VCC
    Warning (13410): Pin "DATA_G[4]" is stuck at VCC
    Warning (13410): Pin "DATA_G[5]" is stuck at VCC
    Warning (13410): Pin "DATA_G[6]" is stuck at VCC
    Warning (13410): Pin "DATA_G[7]" is stuck at VCC
    Warning (13410): Pin "DATA_B[0]" is stuck at VCC
    Warning (13410): Pin "DATA_B[1]" is stuck at VCC
    Warning (13410): Pin "DATA_B[2]" is stuck at VCC
    Warning (13410): Pin "DATA_B[3]" is stuck at VCC
    Warning (13410): Pin "DATA_B[4]" is stuck at VCC
    Warning (13410): Pin "DATA_B[5]" is stuck at VCC
    Warning (13410): Pin "DATA_B[6]" is stuck at VCC
    Warning (13410): Pin "DATA_B[7]" is stuck at VCC
    Warning (13410): Pin "sel[0]" is stuck at GND
    Warning (13410): Pin "sel[1]" is stuck at GND
    Warning (13410): Pin "sel[2]" is stuck at GND
    Warning (13410): Pin "sel[3]" is stuck at GND
Info (286030): Timing-Driven Synthesis is running
Info (17049): 6 registers lost all their fanouts during netlist optimizations.
Info (16010): Generating hard_block partition "hard_block:auto_generated_inst"
    Info (16011): Adding 0 node(s), including 0 DDIO, 0 PLL, 0 transceiver and 0 LCELL
Info (21057): Implemented 1299 device resources after synthesis - the final resource count might be different
    Info (21058): Implemented 10 input pins
    Info (21059): Implemented 39 output pins
    Info (21061): Implemented 1250 logic cells
Info: Quartus II 64-Bit Analysis & Synthesis was successful. 0 errors, 53 warnings
    Info: Peak virtual memory: 4683 megabytes
    Info: Processing ended: Wed Dec 25 16:43:04 2024
    Info: Elapsed time: 00:00:06
    Info: Total CPU time (on all processors): 00:00:04


